                                      1 ;--------------------------------------------------------
                                      2 ; File Created by SDCC : free open source ISO C Compiler 
                                      3 ; Version 4.2.10 #13778 (MINGW64)
                                      4 ;--------------------------------------------------------
                                      5 	.module stm8s_mib_debug_tim
                                      6 	.optsdcc -mstm8
                                      7 	
                                      8 ;--------------------------------------------------------
                                      9 ; Public variables in this module
                                     10 ;--------------------------------------------------------
                                     11 	.globl _gbMibMiliSec
                                     12 	.globl _gwMibSec
                                     13 	.globl _gwMibMsec
                                     14 	.globl _timIrqInit
                                     15 	.globl _timIrqMain
                                     16 	.globl _MibGetSecs
                                     17 	.globl _delay_ms
                                     18 ;--------------------------------------------------------
                                     19 ; ram data
                                     20 ;--------------------------------------------------------
                                     21 	.area DATA
      000000                         22 _gwMibMsec::
      000000                         23 	.ds 2
      000002                         24 _gwMibSec::
      000002                         25 	.ds 2
      000004                         26 _gbMibMiliSec::
      000004                         27 	.ds 1
                                     28 ;--------------------------------------------------------
                                     29 ; ram data
                                     30 ;--------------------------------------------------------
                                     31 	.area INITIALIZED
                                     32 ;--------------------------------------------------------
                                     33 ; absolute external ram data
                                     34 ;--------------------------------------------------------
                                     35 	.area DABS (ABS)
                                     36 
                                     37 ; default segment ordering for linker
                                     38 	.area HOME
                                     39 	.area GSINIT
                                     40 	.area GSFINAL
                                     41 	.area CONST
                                     42 	.area INITIALIZER
                                     43 	.area CODE
                                     44 
                                     45 ;--------------------------------------------------------
                                     46 ; global & static initialisations
                                     47 ;--------------------------------------------------------
                                     48 	.area HOME
                                     49 	.area GSINIT
                                     50 	.area GSFINAL
                                     51 	.area GSINIT
                                     52 ;--------------------------------------------------------
                                     53 ; Home
                                     54 ;--------------------------------------------------------
                                     55 	.area HOME
                                     56 	.area HOME
                                     57 ;--------------------------------------------------------
                                     58 ; code
                                     59 ;--------------------------------------------------------
                                     60 	.area CODE
                                     61 ;	./../../mib/stm8s_mib_debug_tim.c: 34: void timIrqInit(void)
                                     62 ;	-----------------------------------------
                                     63 ;	 function timIrqInit
                                     64 ;	-----------------------------------------
      000000                         65 _timIrqInit:
                                     66 ;	./../../mib/stm8s_mib_debug_tim.c: 36: gwMibSec = 0;
      000000 5F               [ 1]   67 	clrw	x
      000001 CFu00u02         [ 2]   68 	ldw	_gwMibSec+0, x
                                     69 ;	./../../mib/stm8s_mib_debug_tim.c: 37: gwMibMsec = 0;
      000004 5F               [ 1]   70 	clrw	x
      000005 CFu00u00         [ 2]   71 	ldw	_gwMibMsec+0, x
                                     72 ;	./../../mib/stm8s_mib_debug_tim.c: 63: TIM4->PSCR  = TIM4_PRESCALER_128; // 7 : 8 usec...
      000008 35 07 53 45      [ 1]   73 	mov	0x5345+0, #0x07
                                     74 ;	./../../mib/stm8s_mib_debug_tim.c: 64: TIM4->ARR = (uint8_t)(_MM_UCOM_MSEC_-1); // 8 * 125 = 1000 usec = 1 msec...
      00000C 35 7C 53 46      [ 1]   75 	mov	0x5346+0, #0x7c
                                     76 ;	./../../mib/stm8s_mib_debug_tim.c: 66: TIM4->CNTR = TIM4->ARR;
      000010 55 53 46 53 44   [ 1]   77 	mov	0x5344, 0x5346
                                     78 ;	./../../mib/stm8s_mib_debug_tim.c: 67: TIM4->SR1 = (uint8_t)(~TIM4_FLAG_UPDATE);
      000015 35 FE 53 42      [ 1]   79 	mov	0x5342+0, #0xfe
                                     80 ;	./../../mib/stm8s_mib_debug_tim.c: 69: TIM4->IER = TIM4_IER_UIE;
      000019 35 01 53 41      [ 1]   81 	mov	0x5341+0, #0x01
                                     82 ;	./../../mib/stm8s_mib_debug_tim.c: 70: TIM4->CR1 = TIM4_CR1_CEN | TIM4_CR1_ARPE;
      00001D 35 81 53 40      [ 1]   83 	mov	0x5340+0, #0x81
                                     84 ;	./../../mib/stm8s_mib_debug_tim.c: 72: }
      000021 81               [ 4]   85 	ret
                                     86 ;	./../../mib/stm8s_mib_debug_tim.c: 83: void timIrqMain(void)
                                     87 ;	-----------------------------------------
                                     88 ;	 function timIrqMain
                                     89 ;	-----------------------------------------
      000022                         90 _timIrqMain:
                                     91 ;	./../../mib/stm8s_mib_debug_tim.c: 85: if(gwMibMsec) 
      000022 CEu00u00         [ 2]   92 	ldw	x, _gwMibMsec+0
      000025 27 09            [ 1]   93 	jreq	00102$
                                     94 ;	./../../mib/stm8s_mib_debug_tim.c: 87: gwMibMsec--;
      000027 CEu00u00         [ 2]   95 	ldw	x, _gwMibMsec+0
      00002A 5A               [ 2]   96 	decw	x
      00002B CFu00u00         [ 2]   97 	ldw	_gwMibMsec+0, x
      00002E 20 0D            [ 2]   98 	jra	00103$
      000030                         99 00102$:
                                    100 ;	./../../mib/stm8s_mib_debug_tim.c: 92: gwMibMsec = 999; // 시간을 측정하여 조정한다.
      000030 AE 03 E7         [ 2]  101 	ldw	x, #0x03e7
      000033 CFu00u00         [ 2]  102 	ldw	_gwMibMsec+0, x
                                    103 ;	./../../mib/stm8s_mib_debug_tim.c: 93: gwMibSec++;
      000036 CEu00u02         [ 2]  104 	ldw	x, _gwMibSec+0
      000039 5C               [ 1]  105 	incw	x
      00003A CFu00u02         [ 2]  106 	ldw	_gwMibSec+0, x
      00003D                        107 00103$:
                                    108 ;	./../../mib/stm8s_mib_debug_tim.c: 95: if(gbMibMiliSec) gbMibMiliSec--;  
      00003D C6u00u04         [ 1]  109 	ld	a, _gbMibMiliSec+0
      000040 26 01            [ 1]  110 	jrne	00119$
      000042 81               [ 4]  111 	ret
      000043                        112 00119$:
      000043 72 5Au00u04      [ 1]  113 	dec	_gbMibMiliSec+0
                                    114 ;	./../../mib/stm8s_mib_debug_tim.c: 96: }
      000047 81               [ 4]  115 	ret
                                    116 ;	./../../mib/stm8s_mib_debug_tim.c: 107: uint16_t MibGetSecs(void)
                                    117 ;	-----------------------------------------
                                    118 ;	 function MibGetSecs
                                    119 ;	-----------------------------------------
      000048                        120 _MibGetSecs:
                                    121 ;	./../../mib/stm8s_mib_debug_tim.c: 109: return gwMibSec; // gwMibSec;
      000048 CEu00u02         [ 2]  122 	ldw	x, _gwMibSec+0
                                    123 ;	./../../mib/stm8s_mib_debug_tim.c: 110: }
      00004B 81               [ 4]  124 	ret
                                    125 ;	./../../mib/stm8s_mib_debug_tim.c: 121: void delay_ms(uint8_t vbDelay)
                                    126 ;	-----------------------------------------
                                    127 ;	 function delay_ms
                                    128 ;	-----------------------------------------
      00004C                        129 _delay_ms:
      00004C C7u00u04         [ 1]  130 	ld	_gbMibMiliSec+0, a
                                    131 ;	./../../mib/stm8s_mib_debug_tim.c: 124: do {
      00004F                        132 00103$:
                                    133 ;	./../../mib/stm8s_mib_debug_tim.c: 125: if(gbMibMiliSec==0) break;
      00004F C6u00u04         [ 1]  134 	ld	a, _gbMibMiliSec+0
      000052 26 FB            [ 1]  135 	jrne	00103$
                                    136 ;	./../../mib/stm8s_mib_debug_tim.c: 126: } while (1);
                                    137 ;	./../../mib/stm8s_mib_debug_tim.c: 127: }
      000054 81               [ 4]  138 	ret
                                    139 	.area CODE
                                    140 	.area CONST
                                    141 	.area INITIALIZER
                                    142 	.area CABS (ABS)
